<?xml version="1.0" encoding="UTF-8"?>
<!-- Generated by org.testng.reporters.JUnitXMLReporter -->
<testsuite hostname="DESKTOP-9ECRCSO" ignored="0" name="Cucumbar_Login_Test" tests="2" failures="0" timestamp="2020-01-14T15:47:57 IST" time="0.414" errors="0">
  <testcase name="feature" time="0.012" classname="cucumber.api.testng.AbstractTestNGCucumberTests"/>
  <testcase name="feature" time="0.006" classname="cucumber.api.testng.AbstractTestNGCucumberTests"/>
</testsuite> <!-- Cucumbar_Login_Test -->
