<?xml version="1.0" encoding="UTF-8"?>
<testng-results skipped="0" failed="1" ignored="0" total="1" passed="0">
  <reporter-output>
  </reporter-output>
  <suite name="Default suite" duration-ms="21166" started-at="2020-01-16T15:24:59 IST" finished-at="2020-01-16T15:25:20 IST">
    <groups>
      <group name="cucumber">
        <method signature="AbstractTestNGCucumberTests.feature(cucumber.api.testng.CucumberFeatureWrapper)[pri:0, instance:cucumbarOptions.TestRunner@394e1a0f]" name="feature" class="cucumber.api.testng.AbstractTestNGCucumberTests"/>
      </group> <!-- cucumber -->
    </groups>
    <test name="Default test" duration-ms="21166" started-at="2020-01-16T15:24:59 IST" finished-at="2020-01-16T15:25:20 IST">
      <class name="cucumbarOptions.TestRunner">
        <test-method status="PASS" signature="setUpClass()[pri:0, instance:cucumbarOptions.TestRunner@394e1a0f]" name="setUpClass" is-config="true" duration-ms="236" started-at="2020-01-16T15:24:59 IST" finished-at="2020-01-16T15:24:59 IST">
          <reporter-output>
          </reporter-output>
        </test-method> <!-- setUpClass -->
        <test-method status="FAIL" signature="feature(cucumber.api.testng.CucumberFeatureWrapper)[pri:0, instance:cucumbarOptions.TestRunner@394e1a0f]" name="feature" duration-ms="20561" started-at="2020-01-16T15:24:59 IST" description="Runs Cucumber Feature" data-provider="features" finished-at="2020-01-16T15:25:20 IST">
          <params>
            <param index="0">
              <value>
                <![CDATA[Login to WFM Application and verify StrategicSite form submitted successfully]]>
              </value>
            </param>
          </params>
          <exception class="cucumber.runtime.CucumberException">
            <message>
              <![CDATA[org.openqa.selenium.SessionNotCreatedException: session not created
from chrome not reachable
  (Session info: chrome=79.0.3945.117)
Build info: version: '3.14.0', revision: 'aacccce0', time: '2018-08-02T20:19:58.91Z'
System info: host: 'DESKTOP-9ECRCSO', ip: '192.168.1.156', os.name: 'Windows 10', os.arch: 'amd64', os.version: '10.0', java.version: '1.8.0_60'
Driver info: driver.version: ChromeDriver
remote stacktrace: Backtrace:
Ordinal0 [0x006DA113+1548563]
Ordinal0 [0x0065DDA1+1039777]
Ordinal0 [0x005DE32E+516910]
Ordinal0 [0x005D8012+491538]
Ordinal0 [0x005D86EB+493291]
Ordinal0 [0x005D9855+497749]
Ordinal0 [0x005D5885+481413]
Ordinal0 [0x005DF0D0+520400]
Ordinal0 [0x0058C030+180272]
Ordinal0 [0x0058B59D+177565]
Ordinal0 [0x005895FB+169467]
Ordinal0 [0x0057160A+71178]
Ordinal0 [0x00572690+75408]
Ordinal0 [0x00572629+75305]
Ordinal0 [0x006771B7+1143223]
GetHandleVerifier [0x00772B46+507814]
GetHandleVerifier [0x00772864+507076]
GetHandleVerifier [0x00779F47+537511]
GetHandleVerifier [0x00773402+510050]
Ordinal0 [0x0066F29C+1110684]
Ordinal0 [0x0067938B+1151883]
Ordinal0 [0x006794F3+1152243]
Ordinal0 [0x006783F5+1147893]
BaseThreadInitThunk [0x76F26359+25]
RtlGetAppContainerNamedObjectPath [0x77BF7B74+228]
RtlGetAppContainerNamedObjectPath [0x77BF7B44+180]
]]>
            </message>
            <full-stacktrace>
              <![CDATA[cucumber.runtime.CucumberException: org.openqa.selenium.SessionNotCreatedException: session not created
from chrome not reachable
  (Session info: chrome=79.0.3945.117)
Build info: version: '3.14.0', revision: 'aacccce0', time: '2018-08-02T20:19:58.91Z'
System info: host: 'DESKTOP-9ECRCSO', ip: '192.168.1.156', os.name: 'Windows 10', os.arch: 'amd64', os.version: '10.0', java.version: '1.8.0_60'
Driver info: driver.version: ChromeDriver
remote stacktrace: Backtrace:
Ordinal0 [0x006DA113+1548563]
Ordinal0 [0x0065DDA1+1039777]
Ordinal0 [0x005DE32E+516910]
Ordinal0 [0x005D8012+491538]
Ordinal0 [0x005D86EB+493291]
Ordinal0 [0x005D9855+497749]
Ordinal0 [0x005D5885+481413]
Ordinal0 [0x005DF0D0+520400]
Ordinal0 [0x0058C030+180272]
Ordinal0 [0x0058B59D+177565]
Ordinal0 [0x005895FB+169467]
Ordinal0 [0x0057160A+71178]
Ordinal0 [0x00572690+75408]
Ordinal0 [0x00572629+75305]
Ordinal0 [0x006771B7+1143223]
GetHandleVerifier [0x00772B46+507814]
GetHandleVerifier [0x00772864+507076]
GetHandleVerifier [0x00779F47+537511]
GetHandleVerifier [0x00773402+510050]
Ordinal0 [0x0066F29C+1110684]
Ordinal0 [0x0067938B+1151883]
Ordinal0 [0x006794F3+1152243]
Ordinal0 [0x006783F5+1147893]
BaseThreadInitThunk [0x76F26359+25]
RtlGetAppContainerNamedObjectPath [0x77BF7B74+228]
RtlGetAppContainerNamedObjectPath [0x77BF7B44+180]

at cucumber.api.testng.TestNGCucumberRunner.runCucumber(TestNGCucumberRunner.java:69)
at cucumber.api.testng.AbstractTestNGCucumberTests.feature(AbstractTestNGCucumberTests.java:21)
at sun.reflect.NativeMethodAccessorImpl.invoke0(Native Method)
at sun.reflect.NativeMethodAccessorImpl.invoke(NativeMethodAccessorImpl.java:62)
at sun.reflect.DelegatingMethodAccessorImpl.invoke(DelegatingMethodAccessorImpl.java:43)
at java.lang.reflect.Method.invoke(Method.java:497)
at org.testng.internal.MethodInvocationHelper.invokeMethod(MethodInvocationHelper.java:133)
at org.testng.internal.TestInvoker.invokeMethod(TestInvoker.java:584)
at org.testng.internal.TestInvoker.invokeTestMethod(TestInvoker.java:172)
at org.testng.internal.MethodRunner.runInSequence(MethodRunner.java:46)
at org.testng.internal.TestInvoker$MethodInvocationAgent.invoke(TestInvoker.java:804)
at org.testng.internal.TestInvoker.invokeTestMethods(TestInvoker.java:145)
at org.testng.internal.TestMethodWorker.invokeTestMethods(TestMethodWorker.java:146)
at org.testng.internal.TestMethodWorker.run(TestMethodWorker.java:128)
at java.util.ArrayList.forEach(ArrayList.java:1249)
at org.testng.TestRunner.privateRun(TestRunner.java:770)
at org.testng.TestRunner.run(TestRunner.java:591)
at org.testng.SuiteRunner.runTest(SuiteRunner.java:402)
at org.testng.SuiteRunner.runSequentially(SuiteRunner.java:396)
at org.testng.SuiteRunner.privateRun(SuiteRunner.java:355)
at org.testng.SuiteRunner.run(SuiteRunner.java:304)
at org.testng.SuiteRunnerWorker.runSuite(SuiteRunnerWorker.java:53)
at org.testng.SuiteRunnerWorker.run(SuiteRunnerWorker.java:96)
at org.testng.TestNG.runSuitesSequentially(TestNG.java:1180)
at org.testng.TestNG.runSuitesLocally(TestNG.java:1102)
at org.testng.TestNG.runSuites(TestNG.java:1032)
at org.testng.TestNG.run(TestNG.java:1000)
at org.testng.remote.AbstractRemoteTestNG.run(AbstractRemoteTestNG.java:115)
at org.testng.remote.RemoteTestNG.initAndRun(RemoteTestNG.java:251)
at org.testng.remote.RemoteTestNG.main(RemoteTestNG.java:77)
Caused by: org.openqa.selenium.SessionNotCreatedException: session not created
from chrome not reachable
  (Session info: chrome=79.0.3945.117)
Build info: version: '3.14.0', revision: 'aacccce0', time: '2018-08-02T20:19:58.91Z'
System info: host: 'DESKTOP-9ECRCSO', ip: '192.168.1.156', os.name: 'Windows 10', os.arch: 'amd64', os.version: '10.0', java.version: '1.8.0_60'
Driver info: driver.version: ChromeDriver
remote stacktrace: Backtrace:
Ordinal0 [0x006DA113+1548563]
Ordinal0 [0x0065DDA1+1039777]
Ordinal0 [0x005DE32E+516910]
Ordinal0 [0x005D8012+491538]
Ordinal0 [0x005D86EB+493291]
Ordinal0 [0x005D9855+497749]
Ordinal0 [0x005D5885+481413]
Ordinal0 [0x005DF0D0+520400]
Ordinal0 [0x0058C030+180272]
Ordinal0 [0x0058B59D+177565]
Ordinal0 [0x005895FB+169467]
Ordinal0 [0x0057160A+71178]
Ordinal0 [0x00572690+75408]
Ordinal0 [0x00572629+75305]
Ordinal0 [0x006771B7+1143223]
GetHandleVerifier [0x00772B46+507814]
GetHandleVerifier [0x00772864+507076]
GetHandleVerifier [0x00779F47+537511]
GetHandleVerifier [0x00773402+510050]
Ordinal0 [0x0066F29C+1110684]
Ordinal0 [0x0067938B+1151883]
Ordinal0 [0x006794F3+1152243]
Ordinal0 [0x006783F5+1147893]
BaseThreadInitThunk [0x76F26359+25]
RtlGetAppContainerNamedObjectPath [0x77BF7B74+228]
RtlGetAppContainerNamedObjectPath [0x77BF7B44+180]

at sun.reflect.NativeConstructorAccessorImpl.newInstance0(Native Method)
at sun.reflect.NativeConstructorAccessorImpl.newInstance(NativeConstructorAccessorImpl.java:62)
at sun.reflect.DelegatingConstructorAccessorImpl.newInstance(DelegatingConstructorAccessorImpl.java:45)
at java.lang.reflect.Constructor.newInstance(Constructor.java:422)
at org.openqa.selenium.remote.W3CHandshakeResponse.lambda$new$0(W3CHandshakeResponse.java:57)
at org.openqa.selenium.remote.W3CHandshakeResponse.lambda$getResponseFunction$2(W3CHandshakeResponse.java:104)
at org.openqa.selenium.remote.ProtocolHandshake.lambda$createSession$0(ProtocolHandshake.java:122)
at java.util.stream.ReferencePipeline$3$1.accept(ReferencePipeline.java:193)
at java.util.Spliterators$ArraySpliterator.tryAdvance(Spliterators.java:958)
at java.util.stream.ReferencePipeline.forEachWithCancel(ReferencePipeline.java:126)
at java.util.stream.AbstractPipeline.copyIntoWithCancel(AbstractPipeline.java:498)
at java.util.stream.AbstractPipeline.copyInto(AbstractPipeline.java:485)
at java.util.stream.AbstractPipeline.wrapAndCopyInto(AbstractPipeline.java:471)
at java.util.stream.FindOps$FindOp.evaluateSequential(FindOps.java:152)
at java.util.stream.AbstractPipeline.evaluate(AbstractPipeline.java:234)
at java.util.stream.ReferencePipeline.findFirst(ReferencePipeline.java:464)
at org.openqa.selenium.remote.ProtocolHandshake.createSession(ProtocolHandshake.java:125)
at org.openqa.selenium.remote.ProtocolHandshake.createSession(ProtocolHandshake.java:73)
at org.openqa.selenium.remote.HttpCommandExecutor.execute(HttpCommandExecutor.java:136)
at org.openqa.selenium.remote.service.DriverCommandExecutor.execute(DriverCommandExecutor.java:83)
at org.openqa.selenium.remote.RemoteWebDriver.execute(RemoteWebDriver.java:548)
at org.openqa.selenium.remote.RemoteWebDriver.startSession(RemoteWebDriver.java:212)
at org.openqa.selenium.remote.RemoteWebDriver.<init>(RemoteWebDriver.java:130)
at org.openqa.selenium.chrome.ChromeDriver.<init>(ChromeDriver.java:181)
at org.openqa.selenium.chrome.ChromeDriver.<init>(ChromeDriver.java:168)
at org.openqa.selenium.chrome.ChromeDriver.<init>(ChromeDriver.java:123)
at resources.Base.initializeDriver(Base.java:59)
at stepDefinations.stepDefination._intialize_the_browser(stepDefination.java:40)
at âœ½.Given : Intialize the browser(StrategicSite.feature:5)
]]>
            </full-stacktrace>
          </exception> <!-- cucumber.runtime.CucumberException -->
          <reporter-output>
          </reporter-output>
        </test-method> <!-- feature -->
        <test-method status="PASS" signature="tearDownClass()[pri:0, instance:cucumbarOptions.TestRunner@394e1a0f]" name="tearDownClass" is-config="true" duration-ms="146" started-at="2020-01-16T15:25:20 IST" finished-at="2020-01-16T15:25:20 IST">
          <reporter-output>
          </reporter-output>
        </test-method> <!-- tearDownClass -->
      </class> <!-- cucumbarOptions.TestRunner -->
    </test> <!-- Default test -->
  </suite> <!-- Default suite -->
</testng-results>
